# JRE version: OpenJDK Runtime Environment (8.0_152-b01) (build 1.8.0_152-release-915-b01)
# Java VM: OpenJDK 64-Bit Server VM (25.152-b01 mixed mode linux-amd64 compressed oops)
Heap:
 PSYoungGen      total 410624K, used 17523K [0x00000000e0000000, 0x0000000100000000, 0x0000000100000000)
  eden space 300032K, 0% used [0x00000000e0000000,0x00000000e0000000,0x00000000f2500000)
  from space 110592K, 15% used [0x00000000f8f00000,0x00000000fa01cd90,0x00000000ffb00000)
  to   space 108544K, 0% used [0x00000000f2500000,0x00000000f2500000,0x00000000f8f00000)
 ParOldGen       total 321536K, used 277546K [0x00000000a0000000, 0x00000000b3a00000, 0x00000000e0000000)
  object space 321536K, 86% used [0x00000000a0000000,0x00000000b0f0ab08,0x00000000b3a00000)
 Metaspace       used 129451K, capacity 139459K, committed 139596K, reserved 1171456K
  class space    used 16165K, capacity 18420K, committed 18508K, reserved 1048576K
GC Heap History (10 events):
Event: 6578.365 GC heap after
Heap after GC invocations=90 (full 8):
 PSYoungGen      total 384512K, used 66817K [0x00000000e0000000, 0x0000000100000000, 0x0000000100000000)
  eden space 301056K, 0% used [0x00000000e0000000,0x00000000e0000000,0x00000000f2600000)
  from space 83456K, 80% used [0x00000000fae80000,0x00000000fefc0698,0x0000000100000000)
  to   space 111616K, 0% used [0x00000000f2600000,0x00000000f2600000,0x00000000f9300000)
 ParOldGen       total 321536K, used 226053K [0x00000000a0000000, 0x00000000b3a00000, 0x00000000e0000000)
  object space 321536K, 70% used [0x00000000a0000000,0x00000000adcc16f8,0x00000000b3a00000)
 Metaspace       used 129440K, capacity 139459K, committed 139596K, reserved 1171456K
  class space    used 16165K, capacity 18420K, committed 18508K, reserved 1048576K
}
Event: 6580.308 GC heap before
{Heap before GC invocations=91 (full 8):
 PSYoungGen      total 384512K, used 367873K [0x00000000e0000000, 0x0000000100000000, 0x0000000100000000)
  eden space 301056K, 100% used [0x00000000e0000000,0x00000000f2600000,0x00000000f2600000)
  from space 83456K, 80% used [0x00000000fae80000,0x00000000fefc0698,0x0000000100000000)
  to   space 111616K, 0% used [0x00000000f2600000,0x00000000f2600000,0x00000000f9300000)
 ParOldGen       total 321536K, used 226053K [0x00000000a0000000, 0x00000000b3a00000, 0x00000000e0000000)
  object space 321536K, 70% used [0x00000000a0000000,0x00000000adcc16f8,0x00000000b3a00000)
 Metaspace       used 129448K, capacity 139459K, committed 139596K, reserved 1171456K
  class space    used 16165K, capacity 18420K, committed 18508K, reserved 1048576K
Event: 6580.364 GC heap after
Heap after GC invocations=91 (full 8):
 PSYoungGen      total 363520K, used 62209K [0x00000000e0000000, 0x0000000100000000, 0x0000000100000000)
  eden space 301056K, 0% used [0x00000000e0000000,0x00000000e0000000,0x00000000f2600000)
  from space 62464K, 99% used [0x00000000f2600000,0x00000000f62c0678,0x00000000f6300000)
  to   space 113152K, 0% used [0x00000000f9180000,0x00000000f9180000,0x0000000100000000)
 ParOldGen       total 321536K, used 226225K [0x00000000a0000000, 0x00000000b3a00000, 0x00000000e0000000)
  object space 321536K, 70% used [0x00000000a0000000,0x00000000adcec708,0x00000000b3a00000)
 Metaspace       used 129448K, capacity 139459K, committed 139596K, reserved 1171456K
  class space    used 16165K, capacity 18420K, committed 18508K, reserved 1048576K
}
Event: 6581.338 GC heap before
{Heap before GC invocations=92 (full 8):
 PSYoungGen      total 363520K, used 363265K [0x00000000e0000000, 0x0000000100000000, 0x0000000100000000)
  eden space 301056K, 100% used [0x00000000e0000000,0x00000000f2600000,0x00000000f2600000)
  from space 62464K, 99% used [0x00000000f2600000,0x00000000f62c0678,0x00000000f6300000)
  to   space 113152K, 0% used [0x00000000f9180000,0x00000000f9180000,0x0000000100000000)
 ParOldGen       total 321536K, used 226225K [0x00000000a0000000, 0x00000000b3a00000, 0x00000000e0000000)
  object space 321536K, 70% used [0x00000000a0000000,0x00000000adcec708,0x00000000b3a00000)
 Metaspace       used 129448K, capacity 139459K, committed 139596K, reserved 1171456K
  class space    used 16165K, capacity 18420K, committed 18508K, reserved 1048576K
Event: 6581.394 GC heap after
Heap after GC invocations=92 (full 8):
 PSYoungGen      total 411136K, used 61889K [0x00000000e0000000, 0x0000000100000000, 0x0000000100000000)
  eden space 297984K, 0% used [0x00000000e0000000,0x00000000e0000000,0x00000000f2300000)
  from space 113152K, 54% used [0x00000000f9180000,0x00000000fcdf0698,0x0000000100000000)
  to   space 113152K, 0% used [0x00000000f2300000,0x00000000f2300000,0x00000000f9180000)
 ParOldGen       total 321536K, used 226545K [0x00000000a0000000, 0x00000000b3a00000, 0x00000000e0000000)
  object space 321536K, 70% used [0x00000000a0000000,0x00000000add3c708,0x00000000b3a00000)
 Metaspace       used 129448K, capacity 139459K, committed 139596K, reserved 1171456K
  class space    used 16165K, capacity 18420K, committed 18508K, reserved 1048576K
}
Event: 6582.054 GC heap before
{Heap before GC invocations=93 (full 8):
 PSYoungGen      total 411136K, used 359873K [0x00000000e0000000, 0x0000000100000000, 0x0000000100000000)
  eden space 297984K, 100% used [0x00000000e0000000,0x00000000f2300000,0x00000000f2300000)
  from space 113152K, 54% used [0x00000000f9180000,0x00000000fcdf0698,0x0000000100000000)
  to   space 113152K, 0% used [0x00000000f2300000,0x00000000f2300000,0x00000000f9180000)
 ParOldGen       total 321536K, used 226545K [0x00000000a0000000, 0x00000000b3a00000, 0x00000000e0000000)
  object space 321536K, 70% used [0x00000000a0000000,0x00000000add3c708,0x00000000b3a00000)
 Metaspace       used 129449K, capacity 139459K, committed 139596K, reserved 1171456K
  class space    used 16165K, capacity 18420K, committed 18508K, reserved 1048576K
Event: 6582.112 GC heap after
Heap after GC invocations=93 (full 8):
 PSYoungGen      total 353280K, used 55200K [0x00000000e0000000, 0x00000000ffb00000, 0x0000000100000000)
  eden space 297984K, 0% used [0x00000000e0000000,0x00000000e0000000,0x00000000f2300000)
  from space 55296K, 99% used [0x00000000f2300000,0x00000000f58e8370,0x00000000f5900000)
  to   space 110592K, 0% used [0x00000000f8f00000,0x00000000f8f00000,0x00000000ffb00000)
 ParOldGen       total 321536K, used 236532K [0x00000000a0000000, 0x00000000b3a00000, 0x00000000e0000000)
  object space 321536K, 73% used [0x00000000a0000000,0x00000000ae6fd268,0x00000000b3a00000)
 Metaspace       used 129449K, capacity 139459K, committed 139596K, reserved 1171456K
  class space    used 16165K, capacity 18420K, committed 18508K, reserved 1048576K
}
Event: 6583.320 GC heap before
{Heap before GC invocations=94 (full 8):
 PSYoungGen      total 353280K, used 353184K [0x00000000e0000000, 0x00000000ffb00000, 0x0000000100000000)
  eden space 297984K, 100% used [0x00000000e0000000,0x00000000f2300000,0x00000000f2300000)
  from space 55296K, 99% used [0x00000000f2300000,0x00000000f58e8370,0x00000000f5900000)
  to   space 110592K, 0% used [0x00000000f8f00000,0x00000000f8f00000,0x00000000ffb00000)
 ParOldGen       total 321536K, used 236532K [0x00000000a0000000, 0x00000000b3a00000, 0x00000000e0000000)
  object space 321536K, 73% used [0x00000000a0000000,0x00000000ae6fd268,0x00000000b3a00000)
 Metaspace       used 129451K, capacity 139459K, committed 139596K, reserved 1171456K
  class space    used 16165K, capacity 18420K, committed 18508K, reserved 1048576K
Event: 6583.385 GC heap after
Heap after GC invocations=94 (full 8):
 PSYoungGen      total 410624K, used 17523K [0x00000000e0000000, 0x0000000100000000, 0x0000000100000000)
  eden space 300032K, 0% used [0x00000000e0000000,0x00000000e0000000,0x00000000f2500000)
  from space 110592K, 15% used [0x00000000f8f00000,0x00000000fa01cd90,0x00000000ffb00000)
  to   space 108544K, 0% used [0x00000000f2500000,0x00000000f2500000,0x00000000f8f00000)
 ParOldGen       total 321536K, used 277546K [0x00000000a0000000, 0x00000000b3a00000, 0x00000000e0000000)
  object space 321536K, 86% used [0x00000000a0000000,0x00000000b0f0ab08,0x00000000b3a00000)
 Metaspace       used 129451K, capacity 139459K, committed 139596K, reserved 1171456K
  class space    used 16165K, capacity 18420K, committed 18508K, reserved 1048576K
}
Event: 6583.385 GC heap before
{Heap before GC invocations=95 (full 9):
 PSYoungGen      total 410624K, used 17523K [0x00000000e0000000, 0x0000000100000000, 0x0000000100000000)
  eden space 300032K, 0% used [0x00000000e0000000,0x00000000e0000000,0x00000000f2500000)
  from space 110592K, 15% used [0x00000000f8f00000,0x00000000fa01cd90,0x00000000ffb00000)
  to   space 108544K, 0% used [0x00000000f2500000,0x00000000f2500000,0x00000000f8f00000)
 ParOldGen       total 321536K, used 277546K [0x00000000a0000000, 0x00000000b3a00000, 0x00000000e0000000)
  object space 321536K, 86% used [0x00000000a0000000,0x00000000b0f0ab08,0x00000000b3a00000)
 Metaspace       used 129451K, capacity 139459K, committed 139596K, reserved 1171456K
  class space    used 16165K, capacity 18420K, committed 18508K, reserved 1048576K

